2023-06-13 16:02:07.464  INFO 69856 --- [main] c.e.s.ShoppingApp3Application            : Starting ShoppingApp3Application using Java 1.8.0_351 on ShiyideMBP.attlocal.net with PID 69856 (/Users/shiyi/Library/CloudStorage/GoogleDrive-szhan251@ucr.edu/My Drive/B/shoppingApp_3/target/classes started by shiyi in /Users/shiyi/Library/CloudStorage/GoogleDrive-szhan251@ucr.edu/My Drive/B/shoppingApp_3)
2023-06-13 16:02:07.471  INFO 69856 --- [main] c.e.s.ShoppingApp3Application            : No active profile set, falling back to 1 default profile: "default"
2023-06-13 16:02:08.859  INFO 69856 --- [main] .s.d.r.c.RepositoryConfigurationDelegate : Bootstrapping Spring Data JDBC repositories in DEFAULT mode.
2023-06-13 16:02:08.891  INFO 69856 --- [main] .s.d.r.c.RepositoryConfigurationDelegate : Finished Spring Data repository scanning in 28 ms. Found 0 JDBC repository interfaces.
2023-06-13 16:02:09.802  INFO 69856 --- [main] o.s.b.w.embedded.tomcat.TomcatWebServer  : Tomcat initialized with port(s): 8080 (http)
2023-06-13 16:02:09.810  INFO 69856 --- [main] o.apache.catalina.core.StandardService   : Starting service [Tomcat]
2023-06-13 16:02:09.811  INFO 69856 --- [main] org.apache.catalina.core.StandardEngine  : Starting Servlet engine: [Apache Tomcat/9.0.65]
2023-06-13 16:02:09.974  INFO 69856 --- [main] o.a.c.c.C.[Tomcat].[localhost].[/]       : Initializing Spring embedded WebApplicationContext
2023-06-13 16:02:09.975  INFO 69856 --- [main] w.s.c.ServletWebServerApplicationContext : Root WebApplicationContext: initialization completed in 2416 ms
2023-06-13 16:02:10.820  INFO 69856 --- [main] org.hibernate.Version                    : HHH000412: Hibernate Core {5.3.14.Final}
2023-06-13 16:02:10.821  INFO 69856 --- [main] org.hibernate.cfg.Environment            : HHH000206: hibernate.properties not found
2023-06-13 16:02:10.970  INFO 69856 --- [main] o.hibernate.annotations.common.Version   : HCANN000001: Hibernate Commons Annotations {5.0.4.Final}
2023-06-13 16:02:11.266  INFO 69856 --- [main] org.hibernate.dialect.Dialect            : HHH000400: Using dialect: org.hibernate.dialect.MySQLDialect
2023-06-13 16:02:13.808  WARN 69856 --- [main] .s.s.UserDetailsServiceAutoConfiguration : 

Using generated security password: 51545b9a-1578-4456-8948-cb3138c7d170

This generated password is for development use only. Your security configuration must be updated before running your application in production.

2023-06-13 16:02:13.890  INFO 69856 --- [main] o.s.s.web.DefaultSecurityFilterChain     : Will secure any request with [org.springframework.security.web.session.DisableEncodeUrlFilter@811d8d6, org.springframework.security.web.context.request.async.WebAsyncManagerIntegrationFilter@7f57a7a4, org.springframework.security.web.context.SecurityContextPersistenceFilter@627a890f, org.springframework.security.web.header.HeaderWriterFilter@782ed745, org.springframework.security.web.authentication.logout.LogoutFilter@294a12b5, com.example.shoppingapp_3.security.JwtFilter@7f4596d0, org.springframework.security.web.savedrequest.RequestCacheAwareFilter@1b901f7b, org.springframework.security.web.servletapi.SecurityContextHolderAwareRequestFilter@663e1144, org.springframework.security.web.authentication.AnonymousAuthenticationFilter@6dcc7696, org.springframework.security.web.session.SessionManagementFilter@1221d607, org.springframework.security.web.access.ExceptionTranslationFilter@3083e6ef, org.springframework.security.web.access.intercept.FilterSecurityInterceptor@11771fd6]
2023-06-13 16:02:13.932  INFO 69856 --- [main] o.s.b.a.e.web.EndpointLinksResolver      : Exposing 1 endpoint(s) beneath base path '/actuator'
2023-06-13 16:02:14.023  INFO 69856 --- [main] o.s.b.w.embedded.tomcat.TomcatWebServer  : Tomcat started on port(s): 8080 (http) with context path ''
2023-06-13 16:02:14.061  INFO 69856 --- [main] c.e.s.ShoppingApp3Application            : Started ShoppingApp3Application in 7.119 seconds (JVM running for 7.927)
2023-06-13 16:02:14.414  INFO 69856 --- [RMI TCP Connection(4)-192.168.1.79] o.a.c.c.C.[Tomcat].[localhost].[/]       : Initializing Spring DispatcherServlet 'dispatcherServlet'
2023-06-13 16:02:14.416  INFO 69856 --- [RMI TCP Connection(4)-192.168.1.79] o.s.web.servlet.DispatcherServlet        : Initializing Servlet 'dispatcherServlet'
2023-06-13 16:02:14.419  INFO 69856 --- [RMI TCP Connection(4)-192.168.1.79] o.s.web.servlet.DispatcherServlet        : Completed initialization in 2 ms
2023-06-13 16:02:17.676  INFO 69856 --- [http-nio-8080-exec-2] c.e.shoppingapp_3.AOP.LoggingAspect      : From LoggingAspect.logStartAndEndTime: ApiRestResponse com.example.shoppingapp_3.controller.OrderController.cancelOrderByAdmin(Long)
2023-06-13 16:02:17.678  INFO 69856 --- [http-nio-8080-exec-2] c.e.shoppingapp_3.AOP.LoggingAspect      : Start Time: Tue Jun 13 16:02:17 PDT 2023
2023-06-13 16:02:33.701  INFO 69856 --- [http-nio-8080-exec-3] c.e.shoppingapp_3.AOP.LoggingAspect      : From LoggingAspect.logStartAndEndTime: ApiRestResponse com.example.shoppingapp_3.controller.OrderController.cancelOrderByAdmin(Long)
2023-06-13 16:02:33.703  INFO 69856 --- [http-nio-8080-exec-3] c.e.shoppingapp_3.AOP.LoggingAspect      : Start Time: Tue Jun 13 16:02:33 PDT 2023
2023-06-13 16:03:13.445  INFO 69856 --- [http-nio-8080-exec-4] c.e.shoppingapp_3.AOP.LoggingAspect      : From LoggingAspect.logStartAndEndTime: ApiRestResponse com.example.shoppingapp_3.controller.OrderController.purchase(List)
2023-06-13 16:03:13.447  INFO 69856 --- [http-nio-8080-exec-4] c.e.shoppingapp_3.AOP.LoggingAspect      : Start Time: Tue Jun 13 16:03:13 PDT 2023
2023-06-13 16:03:13.471  INFO 69856 --- [http-nio-8080-exec-4] o.h.h.i.QueryTranslatorFactoryInitiator  : HHH000397: Using ASTQueryTranslatorFactory
2023-06-13 16:03:38.521  INFO 69879 --- [main] c.e.s.ShoppingApp3Application            : Starting ShoppingApp3Application using Java 1.8.0_351 on ShiyideMBP.attlocal.net with PID 69879 (/Users/shiyi/Library/CloudStorage/GoogleDrive-szhan251@ucr.edu/My Drive/B/shoppingApp_3/target/classes started by shiyi in /Users/shiyi/Library/CloudStorage/GoogleDrive-szhan251@ucr.edu/My Drive/B/shoppingApp_3)
2023-06-13 16:03:38.526  INFO 69879 --- [main] c.e.s.ShoppingApp3Application            : No active profile set, falling back to 1 default profile: "default"
2023-06-13 16:03:39.896  INFO 69879 --- [main] .s.d.r.c.RepositoryConfigurationDelegate : Bootstrapping Spring Data JDBC repositories in DEFAULT mode.
2023-06-13 16:03:39.925  INFO 69879 --- [main] .s.d.r.c.RepositoryConfigurationDelegate : Finished Spring Data repository scanning in 25 ms. Found 0 JDBC repository interfaces.
2023-06-13 16:03:40.785  INFO 69879 --- [main] o.s.b.w.embedded.tomcat.TomcatWebServer  : Tomcat initialized with port(s): 8080 (http)
2023-06-13 16:03:40.793  INFO 69879 --- [main] o.apache.catalina.core.StandardService   : Starting service [Tomcat]
2023-06-13 16:03:40.794  INFO 69879 --- [main] org.apache.catalina.core.StandardEngine  : Starting Servlet engine: [Apache Tomcat/9.0.65]
2023-06-13 16:03:40.956  INFO 69879 --- [main] o.a.c.c.C.[Tomcat].[localhost].[/]       : Initializing Spring embedded WebApplicationContext
2023-06-13 16:03:40.957  INFO 69879 --- [main] w.s.c.ServletWebServerApplicationContext : Root WebApplicationContext: initialization completed in 2373 ms
2023-06-13 16:03:41.527  WARN 69879 --- [main] JpaBaseConfiguration$JpaWebConfiguration : spring.jpa.open-in-view is enabled by default. Therefore, database queries may be performed during view rendering. Explicitly configure spring.jpa.open-in-view to disable this warning
2023-06-13 16:03:41.613  INFO 69879 --- [main] org.hibernate.Version                    : HHH000412: Hibernate Core {5.3.14.Final}
2023-06-13 16:03:41.614  INFO 69879 --- [main] org.hibernate.cfg.Environment            : HHH000206: hibernate.properties not found
2023-06-13 16:03:41.765  INFO 69879 --- [main] o.hibernate.annotations.common.Version   : HCANN000001: Hibernate Commons Annotations {5.0.4.Final}
2023-06-13 16:03:41.947  INFO 69879 --- [main] org.hibernate.dialect.Dialect            : HHH000400: Using dialect: org.hibernate.dialect.MySQLDialect
2023-06-13 16:03:44.001  WARN 69879 --- [main] .s.s.UserDetailsServiceAutoConfiguration : 

Using generated security password: 5c8c6dfc-a77b-4a3b-a2be-66a9a902574b

This generated password is for development use only. Your security configuration must be updated before running your application in production.

2023-06-13 16:03:44.067  INFO 69879 --- [main] o.s.s.web.DefaultSecurityFilterChain     : Will secure any request with [org.springframework.security.web.session.DisableEncodeUrlFilter@7010c9e4, org.springframework.security.web.context.request.async.WebAsyncManagerIntegrationFilter@28befd62, org.springframework.security.web.context.SecurityContextPersistenceFilter@67730dab, org.springframework.security.web.header.HeaderWriterFilter@2d527346, org.springframework.security.web.authentication.logout.LogoutFilter@10f384a2, com.example.shoppingapp_3.security.JwtFilter@60f77af, org.springframework.security.web.savedrequest.RequestCacheAwareFilter@7c3ae369, org.springframework.security.web.servletapi.SecurityContextHolderAwareRequestFilter@4028aab2, org.springframework.security.web.authentication.AnonymousAuthenticationFilter@10f60e36, org.springframework.security.web.session.SessionManagementFilter@2e51ede1, org.springframework.security.web.access.ExceptionTranslationFilter@6fe77a97, org.springframework.security.web.access.intercept.FilterSecurityInterceptor@5274acd1]
2023-06-13 16:03:44.100  INFO 69879 --- [main] o.s.b.a.e.web.EndpointLinksResolver      : Exposing 1 endpoint(s) beneath base path '/actuator'
2023-06-13 16:03:44.181  INFO 69879 --- [main] o.s.b.w.embedded.tomcat.TomcatWebServer  : Tomcat started on port(s): 8080 (http) with context path ''
2023-06-13 16:03:44.201  INFO 69879 --- [main] c.e.s.ShoppingApp3Application            : Started ShoppingApp3Application in 6.312 seconds (JVM running for 7.115)
2023-06-13 16:03:44.952  INFO 69879 --- [RMI TCP Connection(2)-192.168.1.79] o.a.c.c.C.[Tomcat].[localhost].[/]       : Initializing Spring DispatcherServlet 'dispatcherServlet'
2023-06-13 16:03:44.958  INFO 69879 --- [RMI TCP Connection(2)-192.168.1.79] o.s.web.servlet.DispatcherServlet        : Initializing Servlet 'dispatcherServlet'
2023-06-13 16:03:44.969  INFO 69879 --- [RMI TCP Connection(2)-192.168.1.79] o.s.web.servlet.DispatcherServlet        : Completed initialization in 11 ms
2023-06-13 16:03:50.686  INFO 69879 --- [http-nio-8080-exec-1] c.e.shoppingapp_3.AOP.LoggingAspect      : From LoggingAspect.logStartAndEndTime: ApiRestResponse com.example.shoppingapp_3.controller.OrderController.purchase(List)
2023-06-13 16:03:50.689  INFO 69879 --- [http-nio-8080-exec-1] c.e.shoppingapp_3.AOP.LoggingAspect      : Start Time: Tue Jun 13 16:03:50 PDT 2023
2023-06-13 16:03:50.770  INFO 69879 --- [http-nio-8080-exec-1] o.h.h.i.QueryTranslatorFactoryInitiator  : HHH000397: Using ASTQueryTranslatorFactory
2023-06-13 16:03:50.990  INFO 69879 --- [http-nio-8080-exec-1] c.e.shoppingapp_3.AOP.LoggingAspect      : End time: Tue Jun 13 16:03:50 PDT 2023
2023-06-13 16:04:07.323  INFO 69879 --- [http-nio-8080-exec-3] c.e.shoppingapp_3.AOP.LoggingAspect      : From LoggingAspect.logStartAndEndTime: ApiRestResponse com.example.shoppingapp_3.controller.OrderController.cancelOrderByAdmin(Long)
2023-06-13 16:04:07.325  INFO 69879 --- [http-nio-8080-exec-3] c.e.shoppingapp_3.AOP.LoggingAspect      : Start Time: Tue Jun 13 16:04:07 PDT 2023
2023-06-13 16:04:07.379  INFO 69879 --- [http-nio-8080-exec-3] c.e.shoppingapp_3.AOP.LoggingAspect      : End time: Tue Jun 13 16:04:07 PDT 2023
2023-06-13 16:06:12.886  INFO 69924 --- [main] c.e.s.ShoppingApp3Application            : Starting ShoppingApp3Application using Java 1.8.0_351 on ShiyideMBP.attlocal.net with PID 69924 (/Users/shiyi/Library/CloudStorage/GoogleDrive-szhan251@ucr.edu/My Drive/B/shoppingApp_3/target/classes started by shiyi in /Users/shiyi/Library/CloudStorage/GoogleDrive-szhan251@ucr.edu/My Drive/B/shoppingApp_3)
2023-06-13 16:06:12.889  INFO 69924 --- [main] c.e.s.ShoppingApp3Application            : No active profile set, falling back to 1 default profile: "default"
2023-06-13 16:06:14.314  INFO 69924 --- [main] .s.d.r.c.RepositoryConfigurationDelegate : Bootstrapping Spring Data JDBC repositories in DEFAULT mode.
2023-06-13 16:06:14.344  INFO 69924 --- [main] .s.d.r.c.RepositoryConfigurationDelegate : Finished Spring Data repository scanning in 26 ms. Found 0 JDBC repository interfaces.
2023-06-13 16:06:15.099  INFO 69924 --- [main] o.s.b.w.embedded.tomcat.TomcatWebServer  : Tomcat initialized with port(s): 8080 (http)
2023-06-13 16:06:15.106  INFO 69924 --- [main] o.apache.catalina.core.StandardService   : Starting service [Tomcat]
2023-06-13 16:06:15.106  INFO 69924 --- [main] org.apache.catalina.core.StandardEngine  : Starting Servlet engine: [Apache Tomcat/9.0.65]
2023-06-13 16:06:15.271  INFO 69924 --- [main] o.a.c.c.C.[Tomcat].[localhost].[/]       : Initializing Spring embedded WebApplicationContext
2023-06-13 16:06:15.271  INFO 69924 --- [main] w.s.c.ServletWebServerApplicationContext : Root WebApplicationContext: initialization completed in 2321 ms
2023-06-13 16:06:15.703  WARN 69924 --- [main] JpaBaseConfiguration$JpaWebConfiguration : spring.jpa.open-in-view is enabled by default. Therefore, database queries may be performed during view rendering. Explicitly configure spring.jpa.open-in-view to disable this warning
2023-06-13 16:06:15.951  INFO 69924 --- [main] org.hibernate.Version                    : HHH000412: Hibernate Core {5.3.14.Final}
2023-06-13 16:06:15.953  INFO 69924 --- [main] org.hibernate.cfg.Environment            : HHH000206: hibernate.properties not found
2023-06-13 16:06:16.064  INFO 69924 --- [main] o.hibernate.annotations.common.Version   : HCANN000001: Hibernate Commons Annotations {5.0.4.Final}
2023-06-13 16:06:16.265  INFO 69924 --- [main] org.hibernate.dialect.Dialect            : HHH000400: Using dialect: org.hibernate.dialect.MySQLDialect
2023-06-13 16:06:18.411  WARN 69924 --- [main] .s.s.UserDetailsServiceAutoConfiguration : 

Using generated security password: a88f7830-91a2-4046-8720-95d4818e4b43

This generated password is for development use only. Your security configuration must be updated before running your application in production.

2023-06-13 16:06:18.473  INFO 69924 --- [main] o.s.s.web.DefaultSecurityFilterChain     : Will secure any request with [org.springframework.security.web.session.DisableEncodeUrlFilter@102f3f05, org.springframework.security.web.context.request.async.WebAsyncManagerIntegrationFilter@16e84d93, org.springframework.security.web.context.SecurityContextPersistenceFilter@2569afda, org.springframework.security.web.header.HeaderWriterFilter@1af78e37, org.springframework.security.web.authentication.logout.LogoutFilter@2de82bf8, com.example.shoppingapp_3.security.JwtFilter@606a1bc4, org.springframework.security.web.savedrequest.RequestCacheAwareFilter@70efdd18, org.springframework.security.web.servletapi.SecurityContextHolderAwareRequestFilter@18356951, org.springframework.security.web.authentication.AnonymousAuthenticationFilter@2a7b5925, org.springframework.security.web.session.SessionManagementFilter@1812b564, org.springframework.security.web.access.ExceptionTranslationFilter@598f1faf, org.springframework.security.web.access.intercept.FilterSecurityInterceptor@abe7d36]
2023-06-13 16:06:18.508  INFO 69924 --- [main] o.s.b.a.e.web.EndpointLinksResolver      : Exposing 1 endpoint(s) beneath base path '/actuator'
2023-06-13 16:06:18.703  INFO 69924 --- [main] o.s.b.w.embedded.tomcat.TomcatWebServer  : Tomcat started on port(s): 8080 (http) with context path ''
2023-06-13 16:06:18.741  INFO 69924 --- [main] c.e.s.ShoppingApp3Application            : Started ShoppingApp3Application in 6.357 seconds (JVM running for 7.011)
2023-06-13 16:06:19.961  INFO 69924 --- [RMI TCP Connection(5)-192.168.1.79] o.a.c.c.C.[Tomcat].[localhost].[/]       : Initializing Spring DispatcherServlet 'dispatcherServlet'
2023-06-13 16:06:19.978  INFO 69924 --- [RMI TCP Connection(5)-192.168.1.79] o.s.web.servlet.DispatcherServlet        : Initializing Servlet 'dispatcherServlet'
2023-06-13 16:06:19.985  INFO 69924 --- [RMI TCP Connection(5)-192.168.1.79] o.s.web.servlet.DispatcherServlet        : Completed initialization in 6 ms
2023-06-13 16:06:30.289  INFO 69924 --- [http-nio-8080-exec-1] c.e.shoppingapp_3.AOP.LoggingAspect      : From LoggingAspect.logStartAndEndTime: ApiRestResponse com.example.shoppingapp_3.controller.OrderController.completeOrderByAdmin(Long)
2023-06-13 16:06:30.292  INFO 69924 --- [http-nio-8080-exec-1] c.e.shoppingapp_3.AOP.LoggingAspect      : Start Time: Tue Jun 13 16:06:30 PDT 2023
2023-06-13 16:06:30.450  INFO 69924 --- [http-nio-8080-exec-1] c.e.shoppingapp_3.AOP.LoggingAspect      : End time: Tue Jun 13 16:06:30 PDT 2023
2023-06-13 16:06:47.297  INFO 69941 --- [main] c.e.s.ShoppingApp3Application            : Starting ShoppingApp3Application using Java 1.8.0_351 on ShiyideMBP.attlocal.net with PID 69941 (/Users/shiyi/Library/CloudStorage/GoogleDrive-szhan251@ucr.edu/My Drive/B/shoppingApp_3/target/classes started by shiyi in /Users/shiyi/Library/CloudStorage/GoogleDrive-szhan251@ucr.edu/My Drive/B/shoppingApp_3)
2023-06-13 16:06:47.303  INFO 69941 --- [main] c.e.s.ShoppingApp3Application            : No active profile set, falling back to 1 default profile: "default"
2023-06-13 16:06:48.761  INFO 69941 --- [main] .s.d.r.c.RepositoryConfigurationDelegate : Bootstrapping Spring Data JDBC repositories in DEFAULT mode.
2023-06-13 16:06:48.794  INFO 69941 --- [main] .s.d.r.c.RepositoryConfigurationDelegate : Finished Spring Data repository scanning in 29 ms. Found 0 JDBC repository interfaces.
2023-06-13 16:06:49.680  INFO 69941 --- [main] o.s.b.w.embedded.tomcat.TomcatWebServer  : Tomcat initialized with port(s): 8080 (http)
2023-06-13 16:06:49.688  INFO 69941 --- [main] o.apache.catalina.core.StandardService   : Starting service [Tomcat]
2023-06-13 16:06:49.689  INFO 69941 --- [main] org.apache.catalina.core.StandardEngine  : Starting Servlet engine: [Apache Tomcat/9.0.65]
2023-06-13 16:06:49.857  INFO 69941 --- [main] o.a.c.c.C.[Tomcat].[localhost].[/]       : Initializing Spring embedded WebApplicationContext
2023-06-13 16:06:49.858  INFO 69941 --- [main] w.s.c.ServletWebServerApplicationContext : Root WebApplicationContext: initialization completed in 2485 ms
2023-06-13 16:06:50.453  WARN 69941 --- [main] JpaBaseConfiguration$JpaWebConfiguration : spring.jpa.open-in-view is enabled by default. Therefore, database queries may be performed during view rendering. Explicitly configure spring.jpa.open-in-view to disable this warning
2023-06-13 16:06:50.549  INFO 69941 --- [main] org.hibernate.Version                    : HHH000412: Hibernate Core {5.3.14.Final}
2023-06-13 16:06:50.551  INFO 69941 --- [main] org.hibernate.cfg.Environment            : HHH000206: hibernate.properties not found
2023-06-13 16:06:50.710  INFO 69941 --- [main] o.hibernate.annotations.common.Version   : HCANN000001: Hibernate Commons Annotations {5.0.4.Final}
2023-06-13 16:06:50.897  INFO 69941 --- [main] org.hibernate.dialect.Dialect            : HHH000400: Using dialect: org.hibernate.dialect.MySQLDialect
2023-06-13 16:06:52.939  WARN 69941 --- [main] .s.s.UserDetailsServiceAutoConfiguration : 

Using generated security password: 14c84ec6-ff28-4314-8cba-d11a0c09ad81

This generated password is for development use only. Your security configuration must be updated before running your application in production.

2023-06-13 16:06:53.018  INFO 69941 --- [main] o.s.s.web.DefaultSecurityFilterChain     : Will secure any request with [org.springframework.security.web.session.DisableEncodeUrlFilter@7f09ff10, org.springframework.security.web.context.request.async.WebAsyncManagerIntegrationFilter@531b1778, org.springframework.security.web.context.SecurityContextPersistenceFilter@65a8c306, org.springframework.security.web.header.HeaderWriterFilter@57d7c511, org.springframework.security.web.authentication.logout.LogoutFilter@65234a9, com.example.shoppingapp_3.security.JwtFilter@51da32e5, org.springframework.security.web.savedrequest.RequestCacheAwareFilter@48ba37dc, org.springframework.security.web.servletapi.SecurityContextHolderAwareRequestFilter@45302e66, org.springframework.security.web.authentication.AnonymousAuthenticationFilter@ecfff32, org.springframework.security.web.session.SessionManagementFilter@3b95fce9, org.springframework.security.web.access.ExceptionTranslationFilter@128ca7af, org.springframework.security.web.access.intercept.FilterSecurityInterceptor@14580edc]
2023-06-13 16:06:53.039  INFO 69941 --- [main] o.s.b.a.e.web.EndpointLinksResolver      : Exposing 1 endpoint(s) beneath base path '/actuator'
2023-06-13 16:06:53.120  INFO 69941 --- [main] o.s.b.w.embedded.tomcat.TomcatWebServer  : Tomcat started on port(s): 8080 (http) with context path ''
2023-06-13 16:06:53.140  INFO 69941 --- [main] c.e.s.ShoppingApp3Application            : Started ShoppingApp3Application in 6.395 seconds (JVM running for 7.146)
2023-06-13 16:06:53.392  INFO 69941 --- [RMI TCP Connection(6)-192.168.1.79] o.a.c.c.C.[Tomcat].[localhost].[/]       : Initializing Spring DispatcherServlet 'dispatcherServlet'
2023-06-13 16:06:53.394  INFO 69941 --- [RMI TCP Connection(6)-192.168.1.79] o.s.web.servlet.DispatcherServlet        : Initializing Servlet 'dispatcherServlet'
2023-06-13 16:06:53.398  INFO 69941 --- [RMI TCP Connection(6)-192.168.1.79] o.s.web.servlet.DispatcherServlet        : Completed initialization in 4 ms
2023-06-13 16:33:04.485  INFO 70249 --- [main] c.e.s.ShoppingApp3Application            : Starting ShoppingApp3Application using Java 1.8.0_351 on ShiyideMBP.attlocal.net with PID 70249 (/Users/shiyi/Library/CloudStorage/GoogleDrive-szhan251@ucr.edu/My Drive/B/shoppingApp_3/target/classes started by shiyi in /Users/shiyi/Library/CloudStorage/GoogleDrive-szhan251@ucr.edu/My Drive/B/shoppingApp_3)
2023-06-13 16:33:04.488  INFO 70249 --- [main] c.e.s.ShoppingApp3Application            : No active profile set, falling back to 1 default profile: "default"
2023-06-13 16:33:05.850  INFO 70249 --- [main] .s.d.r.c.RepositoryConfigurationDelegate : Bootstrapping Spring Data JDBC repositories in DEFAULT mode.
2023-06-13 16:33:05.884  INFO 70249 --- [main] .s.d.r.c.RepositoryConfigurationDelegate : Finished Spring Data repository scanning in 29 ms. Found 0 JDBC repository interfaces.
2023-06-13 16:33:06.838  INFO 70249 --- [main] o.s.b.w.embedded.tomcat.TomcatWebServer  : Tomcat initialized with port(s): 8080 (http)
2023-06-13 16:33:06.847  INFO 70249 --- [main] o.apache.catalina.core.StandardService   : Starting service [Tomcat]
2023-06-13 16:33:06.848  INFO 70249 --- [main] org.apache.catalina.core.StandardEngine  : Starting Servlet engine: [Apache Tomcat/9.0.65]
2023-06-13 16:33:07.040  INFO 70249 --- [main] o.a.c.c.C.[Tomcat].[localhost].[/]       : Initializing Spring embedded WebApplicationContext
2023-06-13 16:33:07.041  INFO 70249 --- [main] w.s.c.ServletWebServerApplicationContext : Root WebApplicationContext: initialization completed in 2470 ms
2023-06-13 16:33:07.638  WARN 70249 --- [main] JpaBaseConfiguration$JpaWebConfiguration : spring.jpa.open-in-view is enabled by default. Therefore, database queries may be performed during view rendering. Explicitly configure spring.jpa.open-in-view to disable this warning
2023-06-13 16:33:07.747  INFO 70249 --- [main] org.hibernate.Version                    : HHH000412: Hibernate Core {5.3.14.Final}
2023-06-13 16:33:07.748  INFO 70249 --- [main] org.hibernate.cfg.Environment            : HHH000206: hibernate.properties not found
2023-06-13 16:33:07.897  INFO 70249 --- [main] o.hibernate.annotations.common.Version   : HCANN000001: Hibernate Commons Annotations {5.0.4.Final}
2023-06-13 16:33:08.093  INFO 70249 --- [main] org.hibernate.dialect.Dialect            : HHH000400: Using dialect: org.hibernate.dialect.MySQLDialect
2023-06-13 16:33:10.229  WARN 70249 --- [main] .s.s.UserDetailsServiceAutoConfiguration : 

Using generated security password: a9577283-9c65-4fb1-8aab-a961f41f875a

This generated password is for development use only. Your security configuration must be updated before running your application in production.

2023-06-13 16:33:10.320  INFO 70249 --- [main] o.s.s.web.DefaultSecurityFilterChain     : Will secure any request with [org.springframework.security.web.session.DisableEncodeUrlFilter@29693b1d, org.springframework.security.web.context.request.async.WebAsyncManagerIntegrationFilter@3a225534, org.springframework.security.web.context.SecurityContextPersistenceFilter@68fc1e7f, org.springframework.security.web.header.HeaderWriterFilter@496c6d94, org.springframework.security.web.authentication.logout.LogoutFilter@7dd2a5f7, com.example.shoppingapp_3.security.JwtFilter@78da899f, org.springframework.security.web.savedrequest.RequestCacheAwareFilter@496e0f9d, org.springframework.security.web.servletapi.SecurityContextHolderAwareRequestFilter@24ce5d4c, org.springframework.security.web.authentication.AnonymousAuthenticationFilter@44d6f9cf, org.springframework.security.web.session.SessionManagementFilter@5dc7881d, org.springframework.security.web.access.ExceptionTranslationFilter@466cca41, org.springframework.security.web.access.intercept.FilterSecurityInterceptor@75559cd9]
2023-06-13 16:33:10.344  INFO 70249 --- [main] o.s.b.a.e.web.EndpointLinksResolver      : Exposing 1 endpoint(s) beneath base path '/actuator'
2023-06-13 16:33:10.443  INFO 70249 --- [main] o.s.b.w.embedded.tomcat.TomcatWebServer  : Tomcat started on port(s): 8080 (http) with context path ''
2023-06-13 16:33:10.465  INFO 70249 --- [main] c.e.s.ShoppingApp3Application            : Started ShoppingApp3Application in 6.501 seconds (JVM running for 7.135)
2023-06-13 16:33:11.081  INFO 70249 --- [RMI TCP Connection(2)-192.168.1.79] o.a.c.c.C.[Tomcat].[localhost].[/]       : Initializing Spring DispatcherServlet 'dispatcherServlet'
2023-06-13 16:33:11.089  INFO 70249 --- [RMI TCP Connection(2)-192.168.1.79] o.s.web.servlet.DispatcherServlet        : Initializing Servlet 'dispatcherServlet'
2023-06-13 16:33:11.106  INFO 70249 --- [RMI TCP Connection(2)-192.168.1.79] o.s.web.servlet.DispatcherServlet        : Completed initialization in 15 ms
2023-06-13 16:33:36.137  INFO 70249 --- [http-nio-8080-exec-2] o.h.h.i.QueryTranslatorFactoryInitiator  : HHH000397: Using ASTQueryTranslatorFactory
2023-06-13 17:09:01.332  INFO 70606 --- [main] c.e.s.ShoppingApp3Application            : Starting ShoppingApp3Application using Java 1.8.0_351 on ShiyideMBP.attlocal.net with PID 70606 (/Users/shiyi/Library/CloudStorage/GoogleDrive-szhan251@ucr.edu/My Drive/B/shoppingApp_3/target/classes started by shiyi in /Users/shiyi/Library/CloudStorage/GoogleDrive-szhan251@ucr.edu/My Drive/B/shoppingApp_3)
2023-06-13 17:09:01.335  INFO 70606 --- [main] c.e.s.ShoppingApp3Application            : No active profile set, falling back to 1 default profile: "default"
2023-06-13 17:09:02.540  INFO 70606 --- [main] .s.d.r.c.RepositoryConfigurationDelegate : Bootstrapping Spring Data JDBC repositories in DEFAULT mode.
2023-06-13 17:09:02.573  INFO 70606 --- [main] .s.d.r.c.RepositoryConfigurationDelegate : Finished Spring Data repository scanning in 27 ms. Found 0 JDBC repository interfaces.
2023-06-13 17:09:03.372  INFO 70606 --- [main] o.s.b.w.embedded.tomcat.TomcatWebServer  : Tomcat initialized with port(s): 8080 (http)
2023-06-13 17:09:03.378  INFO 70606 --- [main] o.apache.catalina.core.StandardService   : Starting service [Tomcat]
2023-06-13 17:09:03.378  INFO 70606 --- [main] org.apache.catalina.core.StandardEngine  : Starting Servlet engine: [Apache Tomcat/9.0.65]
2023-06-13 17:09:03.515  INFO 70606 --- [main] o.a.c.c.C.[Tomcat].[localhost].[/]       : Initializing Spring embedded WebApplicationContext
2023-06-13 17:09:03.515  INFO 70606 --- [main] w.s.c.ServletWebServerApplicationContext : Root WebApplicationContext: initialization completed in 2129 ms
2023-06-13 17:09:03.946  WARN 70606 --- [main] JpaBaseConfiguration$JpaWebConfiguration : spring.jpa.open-in-view is enabled by default. Therefore, database queries may be performed during view rendering. Explicitly configure spring.jpa.open-in-view to disable this warning
2023-06-13 17:09:04.126  INFO 70606 --- [main] org.hibernate.Version                    : HHH000412: Hibernate Core {5.3.14.Final}
2023-06-13 17:09:04.127  INFO 70606 --- [main] org.hibernate.cfg.Environment            : HHH000206: hibernate.properties not found
2023-06-13 17:09:04.236  INFO 70606 --- [main] o.hibernate.annotations.common.Version   : HCANN000001: Hibernate Commons Annotations {5.0.4.Final}
2023-06-13 17:09:04.392  INFO 70606 --- [main] org.hibernate.dialect.Dialect            : HHH000400: Using dialect: org.hibernate.dialect.MySQLDialect
2023-06-13 17:09:06.180  WARN 70606 --- [main] .s.s.UserDetailsServiceAutoConfiguration : 

Using generated security password: c5162035-fdad-443c-a9d9-1ce519882aef

This generated password is for development use only. Your security configuration must be updated before running your application in production.

2023-06-13 17:09:06.259  INFO 70606 --- [main] o.s.s.web.DefaultSecurityFilterChain     : Will secure any request with [org.springframework.security.web.session.DisableEncodeUrlFilter@7227926b, org.springframework.security.web.context.request.async.WebAsyncManagerIntegrationFilter@2f75a9b1, org.springframework.security.web.context.SecurityContextPersistenceFilter@27a90ce5, org.springframework.security.web.header.HeaderWriterFilter@295f2d1b, org.springframework.security.web.authentication.logout.LogoutFilter@5c60c08, com.example.shoppingapp_3.security.JwtFilter@6dfa915a, org.springframework.security.web.savedrequest.RequestCacheAwareFilter@49a06087, org.springframework.security.web.servletapi.SecurityContextHolderAwareRequestFilter@3e5ebdfe, org.springframework.security.web.authentication.AnonymousAuthenticationFilter@556aed22, org.springframework.security.web.session.SessionManagementFilter@36511772, org.springframework.security.web.access.ExceptionTranslationFilter@664f49f, org.springframework.security.web.access.intercept.FilterSecurityInterceptor@647ff23e]
2023-06-13 17:09:06.280  INFO 70606 --- [main] o.s.b.a.e.web.EndpointLinksResolver      : Exposing 1 endpoint(s) beneath base path '/actuator'
2023-06-13 17:09:06.375  INFO 70606 --- [main] o.s.b.w.embedded.tomcat.TomcatWebServer  : Tomcat started on port(s): 8080 (http) with context path ''
2023-06-13 17:09:06.395  INFO 70606 --- [main] c.e.s.ShoppingApp3Application            : Started ShoppingApp3Application in 5.551 seconds (JVM running for 6.297)
2023-06-13 17:09:06.810  INFO 70606 --- [RMI TCP Connection(3)-192.168.1.79] o.a.c.c.C.[Tomcat].[localhost].[/]       : Initializing Spring DispatcherServlet 'dispatcherServlet'
2023-06-13 17:09:06.814  INFO 70606 --- [RMI TCP Connection(3)-192.168.1.79] o.s.web.servlet.DispatcherServlet        : Initializing Servlet 'dispatcherServlet'
2023-06-13 17:09:06.817  INFO 70606 --- [RMI TCP Connection(3)-192.168.1.79] o.s.web.servlet.DispatcherServlet        : Completed initialization in 3 ms
2023-06-13 17:09:22.370  INFO 70606 --- [http-nio-8080-exec-1] c.e.shoppingapp_3.AOP.LoggingAspect      : From LoggingAspect.logCache: List com.example.shoppingapp_3.dao.impl.ProductDaoImpl.findAllProductsByBuyer()
2023-06-13 17:09:22.373  INFO 70606 --- [http-nio-8080-exec-1] c.e.shoppingapp_3.AOP.LoggingAspect      : Start time: Tue Jun 13 17:09:22 PDT 2023
2023-06-13 17:09:22.420  INFO 70606 --- [http-nio-8080-exec-1] o.h.h.i.QueryTranslatorFactoryInitiator  : HHH000397: Using ASTQueryTranslatorFactory
2023-06-13 17:09:22.508  INFO 70606 --- [http-nio-8080-exec-1] c.e.shoppingapp_3.AOP.LoggingAspect      : End time: Tue Jun 13 17:09:22 PDT 2023
2023-06-13 17:09:22.510  INFO 70606 --- [http-nio-8080-exec-1] c.e.shoppingapp_3.AOP.LoggingAspect      : Time: 139
2023-06-13 17:14:22.418  INFO 70687 --- [main] c.e.s.ShoppingApp3Application            : Starting ShoppingApp3Application using Java 1.8.0_351 on ShiyideMBP.attlocal.net with PID 70687 (/Users/shiyi/Library/CloudStorage/GoogleDrive-szhan251@ucr.edu/My Drive/B/shoppingApp_3/target/classes started by shiyi in /Users/shiyi/Library/CloudStorage/GoogleDrive-szhan251@ucr.edu/My Drive/B/shoppingApp_3)
2023-06-13 17:14:22.423  INFO 70687 --- [main] c.e.s.ShoppingApp3Application            : No active profile set, falling back to 1 default profile: "default"
2023-06-13 17:14:24.373  INFO 70687 --- [main] .s.d.r.c.RepositoryConfigurationDelegate : Bootstrapping Spring Data JDBC repositories in DEFAULT mode.
2023-06-13 17:14:24.412  INFO 70687 --- [main] .s.d.r.c.RepositoryConfigurationDelegate : Finished Spring Data repository scanning in 34 ms. Found 0 JDBC repository interfaces.
2023-06-13 17:14:25.370  INFO 70687 --- [main] o.s.b.w.embedded.tomcat.TomcatWebServer  : Tomcat initialized with port(s): 8080 (http)
2023-06-13 17:14:25.377  INFO 70687 --- [main] o.apache.catalina.core.StandardService   : Starting service [Tomcat]
2023-06-13 17:14:25.378  INFO 70687 --- [main] org.apache.catalina.core.StandardEngine  : Starting Servlet engine: [Apache Tomcat/9.0.65]
2023-06-13 17:14:25.538  INFO 70687 --- [main] o.a.c.c.C.[Tomcat].[localhost].[/]       : Initializing Spring embedded WebApplicationContext
2023-06-13 17:14:25.541  INFO 70687 --- [main] w.s.c.ServletWebServerApplicationContext : Root WebApplicationContext: initialization completed in 2956 ms
2023-06-13 17:14:26.191  WARN 70687 --- [main] JpaBaseConfiguration$JpaWebConfiguration : spring.jpa.open-in-view is enabled by default. Therefore, database queries may be performed during view rendering. Explicitly configure spring.jpa.open-in-view to disable this warning
2023-06-13 17:14:26.273  INFO 70687 --- [main] org.hibernate.Version                    : HHH000412: Hibernate Core {5.3.14.Final}
2023-06-13 17:14:26.275  INFO 70687 --- [main] org.hibernate.cfg.Environment            : HHH000206: hibernate.properties not found
2023-06-13 17:14:26.399  INFO 70687 --- [main] o.hibernate.annotations.common.Version   : HCANN000001: Hibernate Commons Annotations {5.0.4.Final}
2023-06-13 17:14:26.569  INFO 70687 --- [main] org.hibernate.dialect.Dialect            : HHH000400: Using dialect: org.hibernate.dialect.MySQLDialect
2023-06-13 17:14:28.575  WARN 70687 --- [main] .s.s.UserDetailsServiceAutoConfiguration : 

Using generated security password: d1a8d43b-87b0-4f18-874b-8f15510dd47a

This generated password is for development use only. Your security configuration must be updated before running your application in production.

2023-06-13 17:14:28.644  INFO 70687 --- [main] o.s.s.web.DefaultSecurityFilterChain     : Will secure any request with [org.springframework.security.web.session.DisableEncodeUrlFilter@23dda7a3, org.springframework.security.web.context.request.async.WebAsyncManagerIntegrationFilter@2d399e88, org.springframework.security.web.context.SecurityContextPersistenceFilter@513bec8c, org.springframework.security.web.header.HeaderWriterFilter@7369208e, org.springframework.security.web.authentication.logout.LogoutFilter@612531a3, com.example.shoppingapp_3.security.JwtFilter@1fecfaea, org.springframework.security.web.savedrequest.RequestCacheAwareFilter@4fc8163, org.springframework.security.web.servletapi.SecurityContextHolderAwareRequestFilter@7575f7e1, org.springframework.security.web.authentication.AnonymousAuthenticationFilter@18139a43, org.springframework.security.web.session.SessionManagementFilter@1f24e33d, org.springframework.security.web.access.ExceptionTranslationFilter@24ce5d4c, org.springframework.security.web.access.intercept.FilterSecurityInterceptor@1f602930]
2023-06-13 17:14:28.669  INFO 70687 --- [main] o.s.b.a.e.web.EndpointLinksResolver      : Exposing 1 endpoint(s) beneath base path '/actuator'
2023-06-13 17:14:28.756  INFO 70687 --- [main] o.s.b.w.embedded.tomcat.TomcatWebServer  : Tomcat started on port(s): 8080 (http) with context path ''
2023-06-13 17:14:28.777  INFO 70687 --- [main] c.e.s.ShoppingApp3Application            : Started ShoppingApp3Application in 6.846 seconds (JVM running for 7.505)
2023-06-13 17:14:29.220  INFO 70687 --- [RMI TCP Connection(3)-192.168.1.79] o.a.c.c.C.[Tomcat].[localhost].[/]       : Initializing Spring DispatcherServlet 'dispatcherServlet'
2023-06-13 17:14:29.222  INFO 70687 --- [RMI TCP Connection(3)-192.168.1.79] o.s.web.servlet.DispatcherServlet        : Initializing Servlet 'dispatcherServlet'
2023-06-13 17:14:29.228  INFO 70687 --- [RMI TCP Connection(3)-192.168.1.79] o.s.web.servlet.DispatcherServlet        : Completed initialization in 6 ms
2023-06-13 17:14:42.872  INFO 70687 --- [http-nio-8080-exec-1] c.e.shoppingapp_3.AOP.LoggingAspect      : From LoggingAspect.logCache: List com.example.shoppingapp_3.dao.impl.ProductDaoImpl.findAllProductsByBuyer()
2023-06-13 17:14:42.874  INFO 70687 --- [http-nio-8080-exec-1] c.e.shoppingapp_3.AOP.LoggingAspect      : Start time: Tue Jun 13 17:14:42 PDT 2023
2023-06-13 17:14:42.939  INFO 70687 --- [http-nio-8080-exec-1] o.h.h.i.QueryTranslatorFactoryInitiator  : HHH000397: Using ASTQueryTranslatorFactory
2023-06-13 17:14:43.016  INFO 70687 --- [http-nio-8080-exec-1] c.e.shoppingapp_3.AOP.LoggingAspect      : End time: Tue Jun 13 17:14:43 PDT 2023
2023-06-13 17:14:43.016  INFO 70687 --- [http-nio-8080-exec-1] c.e.shoppingapp_3.AOP.LoggingAspect      : Time: 146
2023-06-13 17:22:02.352  INFO 70757 --- [main] c.e.s.ShoppingApp3Application            : Starting ShoppingApp3Application using Java 1.8.0_351 on ShiyideMBP.attlocal.net with PID 70757 (/Users/shiyi/Library/CloudStorage/GoogleDrive-szhan251@ucr.edu/My Drive/B/shoppingApp_3/target/classes started by shiyi in /Users/shiyi/Library/CloudStorage/GoogleDrive-szhan251@ucr.edu/My Drive/B/shoppingApp_3)
2023-06-13 17:22:02.358  INFO 70757 --- [main] c.e.s.ShoppingApp3Application            : No active profile set, falling back to 1 default profile: "default"
2023-06-13 17:22:03.878  INFO 70757 --- [main] .s.d.r.c.RepositoryConfigurationDelegate : Bootstrapping Spring Data JDBC repositories in DEFAULT mode.
2023-06-13 17:22:03.910  INFO 70757 --- [main] .s.d.r.c.RepositoryConfigurationDelegate : Finished Spring Data repository scanning in 27 ms. Found 0 JDBC repository interfaces.
2023-06-13 17:22:04.831  INFO 70757 --- [main] o.s.b.w.embedded.tomcat.TomcatWebServer  : Tomcat initialized with port(s): 8080 (http)
2023-06-13 17:22:04.840  INFO 70757 --- [main] o.apache.catalina.core.StandardService   : Starting service [Tomcat]
2023-06-13 17:22:04.841  INFO 70757 --- [main] org.apache.catalina.core.StandardEngine  : Starting Servlet engine: [Apache Tomcat/9.0.65]
2023-06-13 17:22:05.006  INFO 70757 --- [main] o.a.c.c.C.[Tomcat].[localhost].[/]       : Initializing Spring embedded WebApplicationContext
2023-06-13 17:22:05.006  INFO 70757 --- [main] w.s.c.ServletWebServerApplicationContext : Root WebApplicationContext: initialization completed in 2587 ms
2023-06-13 17:22:05.641  WARN 70757 --- [main] JpaBaseConfiguration$JpaWebConfiguration : spring.jpa.open-in-view is enabled by default. Therefore, database queries may be performed during view rendering. Explicitly configure spring.jpa.open-in-view to disable this warning
2023-06-13 17:22:05.743  INFO 70757 --- [main] org.hibernate.Version                    : HHH000412: Hibernate Core {5.3.14.Final}
2023-06-13 17:22:05.744  INFO 70757 --- [main] org.hibernate.cfg.Environment            : HHH000206: hibernate.properties not found
2023-06-13 17:22:05.877  INFO 70757 --- [main] o.hibernate.annotations.common.Version   : HCANN000001: Hibernate Commons Annotations {5.0.4.Final}
2023-06-13 17:22:06.054  INFO 70757 --- [main] org.hibernate.dialect.Dialect            : HHH000400: Using dialect: org.hibernate.dialect.MySQLDialect
2023-06-13 17:22:08.134  WARN 70757 --- [main] .s.s.UserDetailsServiceAutoConfiguration : 

Using generated security password: 9efbc849-77d9-41fe-92b2-0601e1230926

This generated password is for development use only. Your security configuration must be updated before running your application in production.

2023-06-13 17:22:08.202  INFO 70757 --- [main] o.s.s.web.DefaultSecurityFilterChain     : Will secure any request with [org.springframework.security.web.session.DisableEncodeUrlFilter@ab2e887, org.springframework.security.web.context.request.async.WebAsyncManagerIntegrationFilter@4daead88, org.springframework.security.web.context.SecurityContextPersistenceFilter@761f1a28, org.springframework.security.web.header.HeaderWriterFilter@34604b32, org.springframework.security.web.authentication.logout.LogoutFilter@74e1d60b, com.example.shoppingapp_3.security.JwtFilter@4e0cc334, org.springframework.security.web.savedrequest.RequestCacheAwareFilter@71c91121, org.springframework.security.web.servletapi.SecurityContextHolderAwareRequestFilter@53654b2d, org.springframework.security.web.authentication.AnonymousAuthenticationFilter@43aa767, org.springframework.security.web.session.SessionManagementFilter@5edaa572, org.springframework.security.web.access.ExceptionTranslationFilter@d1973e8, org.springframework.security.web.access.intercept.FilterSecurityInterceptor@7d432bc0]
2023-06-13 17:22:08.229  INFO 70757 --- [main] o.s.b.a.e.web.EndpointLinksResolver      : Exposing 1 endpoint(s) beneath base path '/actuator'
2023-06-13 17:22:08.331  INFO 70757 --- [main] o.s.b.w.embedded.tomcat.TomcatWebServer  : Tomcat started on port(s): 8080 (http) with context path ''
2023-06-13 17:22:08.352  INFO 70757 --- [main] c.e.s.ShoppingApp3Application            : Started ShoppingApp3Application in 6.562 seconds (JVM running for 7.485)
2023-06-13 17:22:08.669  INFO 70757 --- [RMI TCP Connection(2)-192.168.1.79] o.a.c.c.C.[Tomcat].[localhost].[/]       : Initializing Spring DispatcherServlet 'dispatcherServlet'
2023-06-13 17:22:08.672  INFO 70757 --- [RMI TCP Connection(2)-192.168.1.79] o.s.web.servlet.DispatcherServlet        : Initializing Servlet 'dispatcherServlet'
2023-06-13 17:22:08.680  INFO 70757 --- [RMI TCP Connection(2)-192.168.1.79] o.s.web.servlet.DispatcherServlet        : Completed initialization in 7 ms
2023-06-13 17:24:43.422  INFO 70757 --- [http-nio-8080-exec-2] c.e.shoppingapp_3.AOP.LoggingAspect      : From LoggingAspect.logCache: ApiRestResponse com.example.shoppingapp_3.controller.OrderController.UserOrderAsync(Long,Long)
2023-06-13 17:24:43.425  INFO 70757 --- [http-nio-8080-exec-2] c.e.shoppingapp_3.AOP.LoggingAspect      : Start time: Tue Jun 13 17:24:43 PDT 2023
2023-06-13 17:24:43.531  INFO 70757 --- [http-nio-8080-exec-2] o.h.h.i.QueryTranslatorFactoryInitiator  : HHH000397: Using ASTQueryTranslatorFactory
2023-06-13 17:25:07.870  INFO 70757 --- [http-nio-8080-exec-3] c.e.shoppingapp_3.AOP.LoggingAspect      : From LoggingAspect.logCache: ApiRestResponse com.example.shoppingapp_3.controller.OrderController.UserOrderAsync(Long,Long)
2023-06-13 17:25:07.871  INFO 70757 --- [http-nio-8080-exec-3] c.e.shoppingapp_3.AOP.LoggingAspect      : Start time: Tue Jun 13 17:25:07 PDT 2023
2023-06-13 17:26:03.769  INFO 70785 --- [main] c.e.s.ShoppingApp3Application            : Starting ShoppingApp3Application using Java 1.8.0_351 on ShiyideMBP.attlocal.net with PID 70785 (/Users/shiyi/Library/CloudStorage/GoogleDrive-szhan251@ucr.edu/My Drive/B/shoppingApp_3/target/classes started by shiyi in /Users/shiyi/Library/CloudStorage/GoogleDrive-szhan251@ucr.edu/My Drive/B/shoppingApp_3)
2023-06-13 17:26:03.776  INFO 70785 --- [main] c.e.s.ShoppingApp3Application            : No active profile set, falling back to 1 default profile: "default"
2023-06-13 17:26:05.134  INFO 70785 --- [main] .s.d.r.c.RepositoryConfigurationDelegate : Bootstrapping Spring Data JDBC repositories in DEFAULT mode.
2023-06-13 17:26:05.165  INFO 70785 --- [main] .s.d.r.c.RepositoryConfigurationDelegate : Finished Spring Data repository scanning in 25 ms. Found 0 JDBC repository interfaces.
2023-06-13 17:26:05.993  INFO 70785 --- [main] o.s.b.w.embedded.tomcat.TomcatWebServer  : Tomcat initialized with port(s): 8080 (http)
2023-06-13 17:26:06.000  INFO 70785 --- [main] o.apache.catalina.core.StandardService   : Starting service [Tomcat]
2023-06-13 17:26:06.000  INFO 70785 --- [main] org.apache.catalina.core.StandardEngine  : Starting Servlet engine: [Apache Tomcat/9.0.65]
2023-06-13 17:26:06.161  INFO 70785 --- [main] o.a.c.c.C.[Tomcat].[localhost].[/]       : Initializing Spring embedded WebApplicationContext
2023-06-13 17:26:06.162  INFO 70785 --- [main] w.s.c.ServletWebServerApplicationContext : Root WebApplicationContext: initialization completed in 2323 ms
2023-06-13 17:26:06.693  WARN 70785 --- [main] JpaBaseConfiguration$JpaWebConfiguration : spring.jpa.open-in-view is enabled by default. Therefore, database queries may be performed during view rendering. Explicitly configure spring.jpa.open-in-view to disable this warning
2023-06-13 17:26:06.783  INFO 70785 --- [main] org.hibernate.Version                    : HHH000412: Hibernate Core {5.3.14.Final}
2023-06-13 17:26:06.784  INFO 70785 --- [main] org.hibernate.cfg.Environment            : HHH000206: hibernate.properties not found
2023-06-13 17:26:06.896  INFO 70785 --- [main] o.hibernate.annotations.common.Version   : HCANN000001: Hibernate Commons Annotations {5.0.4.Final}
2023-06-13 17:26:07.095  INFO 70785 --- [main] org.hibernate.dialect.Dialect            : HHH000400: Using dialect: org.hibernate.dialect.MySQLDialect
2023-06-13 17:26:09.086  WARN 70785 --- [main] .s.s.UserDetailsServiceAutoConfiguration : 

Using generated security password: 2e14f684-e7a0-4c7f-956a-1c7144dbea3e

This generated password is for development use only. Your security configuration must be updated before running your application in production.

2023-06-13 17:26:09.151  INFO 70785 --- [main] o.s.s.web.DefaultSecurityFilterChain     : Will secure any request with [org.springframework.security.web.session.DisableEncodeUrlFilter@4d7f9b33, org.springframework.security.web.context.request.async.WebAsyncManagerIntegrationFilter@782e0844, org.springframework.security.web.context.SecurityContextPersistenceFilter@49f9758, org.springframework.security.web.header.HeaderWriterFilter@4cb91fa4, org.springframework.security.web.authentication.logout.LogoutFilter@1812b564, com.example.shoppingapp_3.security.JwtFilter@4bb147ec, org.springframework.security.web.savedrequest.RequestCacheAwareFilter@209b4b35, org.springframework.security.web.servletapi.SecurityContextHolderAwareRequestFilter@73bcd9b4, org.springframework.security.web.authentication.AnonymousAuthenticationFilter@608c7b5b, org.springframework.security.web.session.SessionManagementFilter@7e7987b8, org.springframework.security.web.access.ExceptionTranslationFilter@3fd21272, org.springframework.security.web.access.intercept.FilterSecurityInterceptor@70044113]
2023-06-13 17:26:09.174  INFO 70785 --- [main] o.s.b.a.e.web.EndpointLinksResolver      : Exposing 1 endpoint(s) beneath base path '/actuator'
2023-06-13 17:26:09.252  INFO 70785 --- [main] o.s.b.w.embedded.tomcat.TomcatWebServer  : Tomcat started on port(s): 8080 (http) with context path ''
2023-06-13 17:26:09.273  INFO 70785 --- [main] c.e.s.ShoppingApp3Application            : Started ShoppingApp3Application in 6.07 seconds (JVM running for 6.701)
2023-06-13 17:26:09.729  INFO 70785 --- [RMI TCP Connection(3)-192.168.1.79] o.a.c.c.C.[Tomcat].[localhost].[/]       : Initializing Spring DispatcherServlet 'dispatcherServlet'
2023-06-13 17:26:09.733  INFO 70785 --- [RMI TCP Connection(3)-192.168.1.79] o.s.web.servlet.DispatcherServlet        : Initializing Servlet 'dispatcherServlet'
2023-06-13 17:26:09.736  INFO 70785 --- [RMI TCP Connection(3)-192.168.1.79] o.s.web.servlet.DispatcherServlet        : Completed initialization in 3 ms
2023-06-13 17:26:48.844  INFO 70799 --- [main] c.e.s.ShoppingApp3Application            : Starting ShoppingApp3Application using Java 1.8.0_351 on ShiyideMBP.attlocal.net with PID 70799 (/Users/shiyi/Library/CloudStorage/GoogleDrive-szhan251@ucr.edu/My Drive/B/shoppingApp_3/target/classes started by shiyi in /Users/shiyi/Library/CloudStorage/GoogleDrive-szhan251@ucr.edu/My Drive/B/shoppingApp_3)
2023-06-13 17:26:48.848  INFO 70799 --- [main] c.e.s.ShoppingApp3Application            : No active profile set, falling back to 1 default profile: "default"
2023-06-13 17:26:50.278  INFO 70799 --- [main] .s.d.r.c.RepositoryConfigurationDelegate : Bootstrapping Spring Data JDBC repositories in DEFAULT mode.
2023-06-13 17:26:50.309  INFO 70799 --- [main] .s.d.r.c.RepositoryConfigurationDelegate : Finished Spring Data repository scanning in 26 ms. Found 0 JDBC repository interfaces.
2023-06-13 17:26:51.247  INFO 70799 --- [main] o.s.b.w.embedded.tomcat.TomcatWebServer  : Tomcat initialized with port(s): 8080 (http)
2023-06-13 17:26:51.255  INFO 70799 --- [main] o.apache.catalina.core.StandardService   : Starting service [Tomcat]
2023-06-13 17:26:51.255  INFO 70799 --- [main] org.apache.catalina.core.StandardEngine  : Starting Servlet engine: [Apache Tomcat/9.0.65]
2023-06-13 17:26:51.443  INFO 70799 --- [main] o.a.c.c.C.[Tomcat].[localhost].[/]       : Initializing Spring embedded WebApplicationContext
2023-06-13 17:26:51.444  INFO 70799 --- [main] w.s.c.ServletWebServerApplicationContext : Root WebApplicationContext: initialization completed in 2534 ms
2023-06-13 17:26:52.031  WARN 70799 --- [main] JpaBaseConfiguration$JpaWebConfiguration : spring.jpa.open-in-view is enabled by default. Therefore, database queries may be performed during view rendering. Explicitly configure spring.jpa.open-in-view to disable this warning
2023-06-13 17:26:52.164  INFO 70799 --- [main] org.hibernate.Version                    : HHH000412: Hibernate Core {5.3.14.Final}
2023-06-13 17:26:52.165  INFO 70799 --- [main] org.hibernate.cfg.Environment            : HHH000206: hibernate.properties not found
2023-06-13 17:26:52.288  INFO 70799 --- [main] o.hibernate.annotations.common.Version   : HCANN000001: Hibernate Commons Annotations {5.0.4.Final}
2023-06-13 17:26:52.444  INFO 70799 --- [main] org.hibernate.dialect.Dialect            : HHH000400: Using dialect: org.hibernate.dialect.MySQLDialect
2023-06-13 17:26:54.449  WARN 70799 --- [main] .s.s.UserDetailsServiceAutoConfiguration : 

Using generated security password: cf5ca7cf-78ec-49dc-bf03-d1754363aaa2

This generated password is for development use only. Your security configuration must be updated before running your application in production.

2023-06-13 17:26:54.511  INFO 70799 --- [main] o.s.s.web.DefaultSecurityFilterChain     : Will secure any request with [org.springframework.security.web.session.DisableEncodeUrlFilter@2ad80cf6, org.springframework.security.web.context.request.async.WebAsyncManagerIntegrationFilter@4e212f46, org.springframework.security.web.context.SecurityContextPersistenceFilter@727e61ed, org.springframework.security.web.header.HeaderWriterFilter@2fd05b15, org.springframework.security.web.authentication.logout.LogoutFilter@5e94947e, com.example.shoppingapp_3.security.JwtFilter@1c628f6a, org.springframework.security.web.savedrequest.RequestCacheAwareFilter@3ba815ee, org.springframework.security.web.servletapi.SecurityContextHolderAwareRequestFilter@1892865f, org.springframework.security.web.authentication.AnonymousAuthenticationFilter@629fe84, org.springframework.security.web.session.SessionManagementFilter@74901d7, org.springframework.security.web.access.ExceptionTranslationFilter@4c6fe482, org.springframework.security.web.access.intercept.FilterSecurityInterceptor@7ddcd3d]
2023-06-13 17:26:54.534  INFO 70799 --- [main] o.s.b.a.e.web.EndpointLinksResolver      : Exposing 1 endpoint(s) beneath base path '/actuator'
2023-06-13 17:26:54.618  INFO 70799 --- [main] o.s.b.w.embedded.tomcat.TomcatWebServer  : Tomcat started on port(s): 8080 (http) with context path ''
2023-06-13 17:26:54.640  INFO 70799 --- [main] c.e.s.ShoppingApp3Application            : Started ShoppingApp3Application in 6.436 seconds (JVM running for 7.382)
2023-06-13 17:26:55.041  INFO 70799 --- [RMI TCP Connection(2)-192.168.1.79] o.a.c.c.C.[Tomcat].[localhost].[/]       : Initializing Spring DispatcherServlet 'dispatcherServlet'
2023-06-13 17:26:55.047  INFO 70799 --- [RMI TCP Connection(2)-192.168.1.79] o.s.web.servlet.DispatcherServlet        : Initializing Servlet 'dispatcherServlet'
2023-06-13 17:26:55.054  INFO 70799 --- [RMI TCP Connection(2)-192.168.1.79] o.s.web.servlet.DispatcherServlet        : Completed initialization in 7 ms
2023-06-13 17:27:32.900  INFO 70799 --- [http-nio-8080-exec-2] c.e.shoppingapp_3.AOP.LoggingAspect      : From LoggingAspect.logCache: ApiRestResponse com.example.shoppingapp_3.controller.OrderController.UserOrderAsync(Long,Long)
2023-06-13 17:27:32.902  INFO 70799 --- [http-nio-8080-exec-2] c.e.shoppingapp_3.AOP.LoggingAspect      : Start time: Tue Jun 13 17:27:32 PDT 2023
2023-06-13 17:27:33.072  INFO 70799 --- [MyExecutor-1] o.h.h.i.QueryTranslatorFactoryInitiator  : HHH000397: Using ASTQueryTranslatorFactory
2023-06-13 17:30:24.345  INFO 70799 --- [http-nio-8080-exec-7] c.e.shoppingapp_3.AOP.LoggingAspect      : From LoggingAspect.logCache: ApiRestResponse com.example.shoppingapp_3.controller.OrderController.UserOrderSync(Long,Long)
2023-06-13 17:30:24.347  INFO 70799 --- [http-nio-8080-exec-7] c.e.shoppingapp_3.AOP.LoggingAspect      : Start time: Tue Jun 13 17:30:24 PDT 2023
2023-06-13 17:30:24.496  INFO 70799 --- [http-nio-8080-exec-7] c.e.shoppingapp_3.AOP.LoggingAspect      : End time: Tue Jun 13 17:30:24 PDT 2023
2023-06-13 17:30:24.514  INFO 70799 --- [http-nio-8080-exec-7] c.e.shoppingapp_3.AOP.LoggingAspect      : Time: 151
2023-06-13 17:35:21.205  INFO 71031 --- [main] c.e.s.ShoppingApp3Application            : Starting ShoppingApp3Application using Java 1.8.0_351 on ShiyideMBP.attlocal.net with PID 71031 (/Users/shiyi/Library/CloudStorage/GoogleDrive-szhan251@ucr.edu/My Drive/B/shoppingApp_3/target/classes started by shiyi in /Users/shiyi/Library/CloudStorage/GoogleDrive-szhan251@ucr.edu/My Drive/B/shoppingApp_3)
2023-06-13 17:35:21.213  INFO 71031 --- [main] c.e.s.ShoppingApp3Application            : No active profile set, falling back to 1 default profile: "default"
2023-06-13 17:35:22.814  INFO 71031 --- [main] .s.d.r.c.RepositoryConfigurationDelegate : Bootstrapping Spring Data JDBC repositories in DEFAULT mode.
2023-06-13 17:35:22.843  INFO 71031 --- [main] .s.d.r.c.RepositoryConfigurationDelegate : Finished Spring Data repository scanning in 24 ms. Found 0 JDBC repository interfaces.
2023-06-13 17:35:23.701  INFO 71031 --- [main] o.s.b.w.embedded.tomcat.TomcatWebServer  : Tomcat initialized with port(s): 8080 (http)
2023-06-13 17:35:23.710  INFO 71031 --- [main] o.apache.catalina.core.StandardService   : Starting service [Tomcat]
2023-06-13 17:35:23.710  INFO 71031 --- [main] org.apache.catalina.core.StandardEngine  : Starting Servlet engine: [Apache Tomcat/9.0.65]
2023-06-13 17:35:23.870  INFO 71031 --- [main] o.a.c.c.C.[Tomcat].[localhost].[/]       : Initializing Spring embedded WebApplicationContext
2023-06-13 17:35:23.870  INFO 71031 --- [main] w.s.c.ServletWebServerApplicationContext : Root WebApplicationContext: initialization completed in 2593 ms
2023-06-13 17:35:24.495  WARN 71031 --- [main] JpaBaseConfiguration$JpaWebConfiguration : spring.jpa.open-in-view is enabled by default. Therefore, database queries may be performed during view rendering. Explicitly configure spring.jpa.open-in-view to disable this warning
2023-06-13 17:35:24.582  INFO 71031 --- [main] org.hibernate.Version                    : HHH000412: Hibernate Core {5.3.14.Final}
2023-06-13 17:35:24.584  INFO 71031 --- [main] org.hibernate.cfg.Environment            : HHH000206: hibernate.properties not found
2023-06-13 17:35:24.702  INFO 71031 --- [main] o.hibernate.annotations.common.Version   : HCANN000001: Hibernate Commons Annotations {5.0.4.Final}
2023-06-13 17:35:24.880  INFO 71031 --- [main] org.hibernate.dialect.Dialect            : HHH000400: Using dialect: org.hibernate.dialect.MySQLDialect
2023-06-13 17:35:26.769  WARN 71031 --- [main] .s.s.UserDetailsServiceAutoConfiguration : 

Using generated security password: dbdb35ec-5c4e-4597-9caa-a79e97ca4bbf

This generated password is for development use only. Your security configuration must be updated before running your application in production.

2023-06-13 17:35:26.833  INFO 71031 --- [main] o.s.s.web.DefaultSecurityFilterChain     : Will secure any request with [org.springframework.security.web.session.DisableEncodeUrlFilter@548c5127, org.springframework.security.web.context.request.async.WebAsyncManagerIntegrationFilter@35630ee8, org.springframework.security.web.context.SecurityContextPersistenceFilter@7983a5d5, org.springframework.security.web.header.HeaderWriterFilter@4b518645, org.springframework.security.web.authentication.logout.LogoutFilter@2dbf8cfc, com.example.shoppingapp_3.security.JwtFilter@cde8c6c, org.springframework.security.web.savedrequest.RequestCacheAwareFilter@109188b4, org.springframework.security.web.servletapi.SecurityContextHolderAwareRequestFilter@66576bd2, org.springframework.security.web.authentication.AnonymousAuthenticationFilter@6e80de85, org.springframework.security.web.session.SessionManagementFilter@6d84ab90, org.springframework.security.web.access.ExceptionTranslationFilter@f391e52, org.springframework.security.web.access.intercept.FilterSecurityInterceptor@20a46227]
2023-06-13 17:35:26.852  INFO 71031 --- [main] o.s.b.a.e.web.EndpointLinksResolver      : Exposing 1 endpoint(s) beneath base path '/actuator'
2023-06-13 17:35:26.941  INFO 71031 --- [main] o.s.b.w.embedded.tomcat.TomcatWebServer  : Tomcat started on port(s): 8080 (http) with context path ''
2023-06-13 17:35:26.961  INFO 71031 --- [main] c.e.s.ShoppingApp3Application            : Started ShoppingApp3Application in 6.483 seconds (JVM running for 7.241)
2023-06-13 17:35:27.732  INFO 71031 --- [RMI TCP Connection(6)-192.168.1.79] o.a.c.c.C.[Tomcat].[localhost].[/]       : Initializing Spring DispatcherServlet 'dispatcherServlet'
2023-06-13 17:35:27.738  INFO 71031 --- [RMI TCP Connection(6)-192.168.1.79] o.s.web.servlet.DispatcherServlet        : Initializing Servlet 'dispatcherServlet'
2023-06-13 17:35:27.742  INFO 71031 --- [RMI TCP Connection(6)-192.168.1.79] o.s.web.servlet.DispatcherServlet        : Completed initialization in 4 ms
2023-06-13 17:35:31.921  INFO 71031 --- [http-nio-8080-exec-2] c.e.shoppingapp_3.AOP.LoggingAspect      : From LoggingAspect.logCache: ApiRestResponse com.example.shoppingapp_3.controller.OrderController.UserOrderAsync(Long,Long)
2023-06-13 17:35:31.923  INFO 71031 --- [http-nio-8080-exec-2] c.e.shoppingapp_3.AOP.LoggingAspect      : Start time: Tue Jun 13 17:35:31 PDT 2023
2023-06-13 17:35:32.063  INFO 71031 --- [MyExecutor-1] o.h.h.i.QueryTranslatorFactoryInitiator  : HHH000397: Using ASTQueryTranslatorFactory
2023-06-13 17:35:32.176  INFO 71031 --- [http-nio-8080-exec-2] c.e.shoppingapp_3.AOP.LoggingAspect      : End time: Tue Jun 13 17:35:32 PDT 2023
2023-06-13 17:35:32.179  INFO 71031 --- [http-nio-8080-exec-2] c.e.shoppingapp_3.AOP.LoggingAspect      : Time: 256
